        -:    0:Source:src/triangulo.cpp
        -:    0:Programs:4
        -:    1:#include <iostream>
        -:    2:#include "triangulo.h"
        -:    3:#include "excecoes.h"
        -:    4:
       10:    5:Triangulo::Triangulo(double x, double y, double z) throw(TrianguloInvalidoError) {
       10:    6:    if ((x <= 0) || (y <= 0) || (z <= 0)) {
        4:    7:        throw TrianguloInvalidoError();
        -:    8:    }
        8:    9:    if (!((x > abs(y - z)) && (x < (y + z)))) {
        6:   10:        throw TrianguloInvalidoError();
        -:   11:    }
        -:   12:    
        5:   13:    _x = x;
        5:   14:    _y = y;
        5:   15:    _z = z;
        5:   16:}
        -:   17:
        5:   18:Tipo Triangulo::determinar_tipo() { 
        5:   19:    if (_x == _y) {
        3:   20:        if (_x == _z) {
        -:   21:            return Tipo::EQUILATERO;
        -:   22:        } else {
        1:   23:            return Tipo::ISOSCELES;
        -:   24:        }
        -:   25:    }
        2:   26:    else if (_x == _z) {
        -:   27:        if (_x == _y) {
        -:   28:            return Tipo::EQUILATERO;
        -:   29:        } else {
        -:   30:            return Tipo::ISOSCELES;
        -:   31:        }
        -:   32:    }
        2:   33:    else if (_z == _y) {
        -:   34:        if (_z == _x) {
        -:   35:            return Tipo::EQUILATERO;
        -:   36:        } else {
        1:   37:            return Tipo::ISOSCELES;
        -:   38:        }
        -:   39:    }
        -:   40:    else {
        -:   41:        return Tipo::ESCALENO;
        -:   42:    }
        2:   43:}
